<?xml version="1.0" encoding="UTF-8"?>
<!-- Generated by org.testng.reporters.JUnitXMLReporter -->
<testsuite hostname="N-Huong" name="Test" tests="13" failures="0" timestamp="8 Apr 2017 11:14:44 GMT" time="282.106" errors="0">
  <testcase name="signIn_TC001" time="4.083" classname="com.utc.flowershop.testcase.TestCase_LogIn"/>
  <testcase name="signIn_TC002" time="5.33" classname="com.utc.flowershop.testcase.TestCase_LogIn"/>
  <testcase name="signIn_TC003" time="4.24" classname="com.utc.flowershop.testcase.TestCase_LogIn"/>
  <testcase name="signIn_TC004" time="2.242" classname="com.utc.flowershop.testcase.TestCase_LogIn"/>
  <testcase name="signIn_TC005" time="1.906" classname="com.utc.flowershop.testcase.TestCase_LogIn"/>
  <testcase name="signIn_TC006" time="4.191" classname="com.utc.flowershop.testcase.TestCase_LogIn"/>
  <testcase name="signIn_TC007" time="5.412" classname="com.utc.flowershop.testcase.TestCase_LogIn"/>
  <testcase name="signIn_TC008" time="5.312" classname="com.utc.flowershop.testcase.TestCase_LogIn"/>
  <testcase name="signIn_TC009" time="5.569" classname="com.utc.flowershop.testcase.TestCase_LogIn"/>
  <testcase name="signIn_TC010" time="4.939" classname="com.utc.flowershop.testcase.TestCase_LogIn"/>
  <testcase name="signIn_TC011" time="9.286" classname="com.utc.flowershop.testcase.TestCase_LogIn"/>
  <testcase name="signIn_TC012" time="3.523" classname="com.utc.flowershop.testcase.TestCase_LogIn"/>
  <testcase name="signIn_TC013" time="1.246" classname="com.utc.flowershop.testcase.TestCase_LogIn"/>
</testsuite> <!-- Test -->
