<?xml version="1.0" encoding="UTF-8"?>
<!-- Generated by org.testng.reporters.JUnitXMLReporter -->
<testsuite hostname="N-Huong" name="Test" tests="13" failures="0" timestamp="6 Apr 2017 01:46:22 GMT" time="83.346" errors="0">
  <testcase name="signIn_TC001" time="4.005" classname="com.utc.flowershop.testcase.TestCase_LogIn"/>
  <testcase name="signIn_TC002" time="1.056" classname="com.utc.flowershop.testcase.TestCase_LogIn"/>
  <testcase name="signIn_TC003" time="1.685" classname="com.utc.flowershop.testcase.TestCase_LogIn"/>
  <testcase name="signIn_TC004" time="1.099" classname="com.utc.flowershop.testcase.TestCase_LogIn"/>
  <testcase name="signIn_TC005" time="1.159" classname="com.utc.flowershop.testcase.TestCase_LogIn"/>
  <testcase name="signIn_TC006" time="1.022" classname="com.utc.flowershop.testcase.TestCase_LogIn"/>
  <testcase name="signIn_TC007" time="0.993" classname="com.utc.flowershop.testcase.TestCase_LogIn"/>
  <testcase name="signIn_TC008" time="2.103" classname="com.utc.flowershop.testcase.TestCase_LogIn"/>
  <testcase name="signIn_TC009" time="1.93" classname="com.utc.flowershop.testcase.TestCase_LogIn"/>
  <testcase name="signIn_TC010" time="1.861" classname="com.utc.flowershop.testcase.TestCase_LogIn"/>
  <testcase name="signIn_TC011" time="6.71" classname="com.utc.flowershop.testcase.TestCase_LogIn"/>
  <testcase name="signIn_TC012" time="11.145" classname="com.utc.flowershop.testcase.TestCase_LogIn"/>
  <testcase name="signIn_TC013" time="11.038" classname="com.utc.flowershop.testcase.TestCase_LogIn"/>
</testsuite> <!-- Test -->
