<?xml version="1.0" encoding="UTF-8"?>
<testng-results skipped="0" failed="0" total="13" passed="13">
  <reporter-output>
  </reporter-output>
  <suite name="Suite" duration-ms="244391" started-at="2017-04-17T07:35:16Z" finished-at="2017-04-17T07:39:20Z">
    <groups>
    </groups>
    <test name="Test" duration-ms="244391" started-at="2017-04-17T07:35:16Z" finished-at="2017-04-17T07:39:20Z">
      <class name="com.utc.flowershop.testcase.TestCase_LogIn">
        <test-method status="PASS" signature="BeforeSuite()[pri:0, instance:com.utc.flowershop.testcase.TestCase_LogIn@3f2a3a5]" name="BeforeSuite" is-config="true" duration-ms="443" started-at="2017-04-17T14:35:16Z" finished-at="2017-04-17T14:35:16Z">
          <reporter-output>
          </reporter-output>
        </test-method> <!-- BeforeSuite -->
        <test-method status="PASS" signature="BeforeMethod()[pri:0, instance:com.utc.flowershop.testcase.TestCase_LogIn@3f2a3a5]" name="BeforeMethod" is-config="true" duration-ms="26261" started-at="2017-04-17T14:35:16Z" finished-at="2017-04-17T14:35:42Z">
          <reporter-output>
          </reporter-output>
        </test-method> <!-- BeforeMethod -->
        <test-method status="PASS" signature="signIn_TC001()[pri:0, instance:com.utc.flowershop.testcase.TestCase_LogIn@3f2a3a5]" name="signIn_TC001" duration-ms="2134" started-at="2017-04-17T14:35:42Z" finished-at="2017-04-17T14:35:44Z">
          <reporter-output>
          </reporter-output>
        </test-method> <!-- signIn_TC001 -->
        <test-method status="PASS" signature="AfterMethod()[pri:0, instance:com.utc.flowershop.testcase.TestCase_LogIn@3f2a3a5]" name="AfterMethod" is-config="true" duration-ms="1239" started-at="2017-04-17T14:35:44Z" finished-at="2017-04-17T14:35:46Z">
          <reporter-output>
          </reporter-output>
        </test-method> <!-- AfterMethod -->
        <test-method status="PASS" signature="BeforeMethod()[pri:0, instance:com.utc.flowershop.testcase.TestCase_LogIn@3f2a3a5]" name="BeforeMethod" is-config="true" duration-ms="12787" started-at="2017-04-17T14:35:46Z" finished-at="2017-04-17T14:35:59Z">
          <reporter-output>
          </reporter-output>
        </test-method> <!-- BeforeMethod -->
        <test-method status="PASS" signature="signIn_TC002()[pri:0, instance:com.utc.flowershop.testcase.TestCase_LogIn@3f2a3a5]" name="signIn_TC002" duration-ms="4388" started-at="2017-04-17T14:35:59Z" finished-at="2017-04-17T14:36:03Z">
          <reporter-output>
          </reporter-output>
        </test-method> <!-- signIn_TC002 -->
        <test-method status="PASS" signature="AfterMethod()[pri:0, instance:com.utc.flowershop.testcase.TestCase_LogIn@3f2a3a5]" name="AfterMethod" is-config="true" duration-ms="475" started-at="2017-04-17T14:36:03Z" finished-at="2017-04-17T14:36:03Z">
          <reporter-output>
          </reporter-output>
        </test-method> <!-- AfterMethod -->
        <test-method status="PASS" signature="BeforeMethod()[pri:0, instance:com.utc.flowershop.testcase.TestCase_LogIn@3f2a3a5]" name="BeforeMethod" is-config="true" duration-ms="13296" started-at="2017-04-17T14:36:03Z" finished-at="2017-04-17T14:36:17Z">
          <reporter-output>
          </reporter-output>
        </test-method> <!-- BeforeMethod -->
        <test-method status="PASS" signature="signIn_TC003()[pri:0, instance:com.utc.flowershop.testcase.TestCase_LogIn@3f2a3a5]" name="signIn_TC003" duration-ms="4362" started-at="2017-04-17T14:36:17Z" finished-at="2017-04-17T14:36:21Z">
          <reporter-output>
          </reporter-output>
        </test-method> <!-- signIn_TC003 -->
        <test-method status="PASS" signature="AfterMethod()[pri:0, instance:com.utc.flowershop.testcase.TestCase_LogIn@3f2a3a5]" name="AfterMethod" is-config="true" duration-ms="388" started-at="2017-04-17T14:36:21Z" finished-at="2017-04-17T14:36:21Z">
          <reporter-output>
          </reporter-output>
        </test-method> <!-- AfterMethod -->
        <test-method status="PASS" signature="BeforeMethod()[pri:0, instance:com.utc.flowershop.testcase.TestCase_LogIn@3f2a3a5]" name="BeforeMethod" is-config="true" duration-ms="13308" started-at="2017-04-17T14:36:21Z" finished-at="2017-04-17T14:36:35Z">
          <reporter-output>
          </reporter-output>
        </test-method> <!-- BeforeMethod -->
        <test-method status="PASS" signature="signIn_TC004()[pri:0, instance:com.utc.flowershop.testcase.TestCase_LogIn@3f2a3a5]" name="signIn_TC004" duration-ms="2086" started-at="2017-04-17T14:36:35Z" finished-at="2017-04-17T14:36:37Z">
          <reporter-output>
          </reporter-output>
        </test-method> <!-- signIn_TC004 -->
        <test-method status="PASS" signature="AfterMethod()[pri:0, instance:com.utc.flowershop.testcase.TestCase_LogIn@3f2a3a5]" name="AfterMethod" is-config="true" duration-ms="378" started-at="2017-04-17T14:36:37Z" finished-at="2017-04-17T14:36:37Z">
          <reporter-output>
          </reporter-output>
        </test-method> <!-- AfterMethod -->
        <test-method status="PASS" signature="BeforeMethod()[pri:0, instance:com.utc.flowershop.testcase.TestCase_LogIn@3f2a3a5]" name="BeforeMethod" is-config="true" duration-ms="14953" started-at="2017-04-17T14:36:37Z" finished-at="2017-04-17T14:36:52Z">
          <reporter-output>
          </reporter-output>
        </test-method> <!-- BeforeMethod -->
        <test-method status="PASS" signature="signIn_TC005()[pri:0, instance:com.utc.flowershop.testcase.TestCase_LogIn@3f2a3a5]" name="signIn_TC005" duration-ms="1681" started-at="2017-04-17T14:36:52Z" finished-at="2017-04-17T14:36:54Z">
          <reporter-output>
          </reporter-output>
        </test-method> <!-- signIn_TC005 -->
        <test-method status="PASS" signature="AfterMethod()[pri:0, instance:com.utc.flowershop.testcase.TestCase_LogIn@3f2a3a5]" name="AfterMethod" is-config="true" duration-ms="265" started-at="2017-04-17T14:36:54Z" finished-at="2017-04-17T14:36:54Z">
          <reporter-output>
          </reporter-output>
        </test-method> <!-- AfterMethod -->
        <test-method status="PASS" signature="BeforeMethod()[pri:0, instance:com.utc.flowershop.testcase.TestCase_LogIn@3f2a3a5]" name="BeforeMethod" is-config="true" duration-ms="14840" started-at="2017-04-17T14:36:54Z" finished-at="2017-04-17T14:37:09Z">
          <reporter-output>
          </reporter-output>
        </test-method> <!-- BeforeMethod -->
        <test-method status="PASS" signature="signIn_TC006()[pri:0, instance:com.utc.flowershop.testcase.TestCase_LogIn@3f2a3a5]" name="signIn_TC006" duration-ms="2409" started-at="2017-04-17T14:37:09Z" finished-at="2017-04-17T14:37:11Z">
          <reporter-output>
          </reporter-output>
        </test-method> <!-- signIn_TC006 -->
        <test-method status="PASS" signature="AfterMethod()[pri:0, instance:com.utc.flowershop.testcase.TestCase_LogIn@3f2a3a5]" name="AfterMethod" is-config="true" duration-ms="598" started-at="2017-04-17T14:37:11Z" finished-at="2017-04-17T14:37:12Z">
          <reporter-output>
          </reporter-output>
        </test-method> <!-- AfterMethod -->
        <test-method status="PASS" signature="BeforeMethod()[pri:0, instance:com.utc.flowershop.testcase.TestCase_LogIn@3f2a3a5]" name="BeforeMethod" is-config="true" duration-ms="13131" started-at="2017-04-17T14:37:12Z" finished-at="2017-04-17T14:37:25Z">
          <reporter-output>
          </reporter-output>
        </test-method> <!-- BeforeMethod -->
        <test-method status="PASS" signature="signIn_TC007()[pri:0, instance:com.utc.flowershop.testcase.TestCase_LogIn@3f2a3a5]" name="signIn_TC007" duration-ms="3861" started-at="2017-04-17T14:37:25Z" finished-at="2017-04-17T14:37:29Z">
          <reporter-output>
          </reporter-output>
        </test-method> <!-- signIn_TC007 -->
        <test-method status="PASS" signature="AfterMethod()[pri:0, instance:com.utc.flowershop.testcase.TestCase_LogIn@3f2a3a5]" name="AfterMethod" is-config="true" duration-ms="312" started-at="2017-04-17T14:37:29Z" finished-at="2017-04-17T14:37:29Z">
          <reporter-output>
          </reporter-output>
        </test-method> <!-- AfterMethod -->
        <test-method status="PASS" signature="BeforeMethod()[pri:0, instance:com.utc.flowershop.testcase.TestCase_LogIn@3f2a3a5]" name="BeforeMethod" is-config="true" duration-ms="12810" started-at="2017-04-17T14:37:29Z" finished-at="2017-04-17T14:37:42Z">
          <reporter-output>
          </reporter-output>
        </test-method> <!-- BeforeMethod -->
        <test-method status="PASS" signature="signIn_TC008()[pri:0, instance:com.utc.flowershop.testcase.TestCase_LogIn@3f2a3a5]" name="signIn_TC008" duration-ms="5603" started-at="2017-04-17T14:37:42Z" finished-at="2017-04-17T14:37:48Z">
          <reporter-output>
          </reporter-output>
        </test-method> <!-- signIn_TC008 -->
        <test-method status="PASS" signature="AfterMethod()[pri:0, instance:com.utc.flowershop.testcase.TestCase_LogIn@3f2a3a5]" name="AfterMethod" is-config="true" duration-ms="820" started-at="2017-04-17T14:37:48Z" finished-at="2017-04-17T14:37:48Z">
          <reporter-output>
          </reporter-output>
        </test-method> <!-- AfterMethod -->
        <test-method status="PASS" signature="BeforeMethod()[pri:0, instance:com.utc.flowershop.testcase.TestCase_LogIn@3f2a3a5]" name="BeforeMethod" is-config="true" duration-ms="13867" started-at="2017-04-17T14:37:48Z" finished-at="2017-04-17T14:38:02Z">
          <reporter-output>
          </reporter-output>
        </test-method> <!-- BeforeMethod -->
        <test-method status="PASS" signature="signIn_TC009()[pri:0, instance:com.utc.flowershop.testcase.TestCase_LogIn@3f2a3a5]" name="signIn_TC009" duration-ms="4649" started-at="2017-04-17T14:38:02Z" finished-at="2017-04-17T14:38:07Z">
          <reporter-output>
          </reporter-output>
        </test-method> <!-- signIn_TC009 -->
        <test-method status="PASS" signature="AfterMethod()[pri:0, instance:com.utc.flowershop.testcase.TestCase_LogIn@3f2a3a5]" name="AfterMethod" is-config="true" duration-ms="315" started-at="2017-04-17T14:38:07Z" finished-at="2017-04-17T14:38:07Z">
          <reporter-output>
          </reporter-output>
        </test-method> <!-- AfterMethod -->
        <test-method status="PASS" signature="BeforeMethod()[pri:0, instance:com.utc.flowershop.testcase.TestCase_LogIn@3f2a3a5]" name="BeforeMethod" is-config="true" duration-ms="14421" started-at="2017-04-17T14:38:07Z" finished-at="2017-04-17T14:38:22Z">
          <reporter-output>
          </reporter-output>
        </test-method> <!-- BeforeMethod -->
        <test-method status="PASS" signature="signIn_TC010()[pri:0, instance:com.utc.flowershop.testcase.TestCase_LogIn@3f2a3a5]" name="signIn_TC010" duration-ms="3716" started-at="2017-04-17T14:38:22Z" finished-at="2017-04-17T14:38:25Z">
          <reporter-output>
          </reporter-output>
        </test-method> <!-- signIn_TC010 -->
        <test-method status="PASS" signature="AfterMethod()[pri:0, instance:com.utc.flowershop.testcase.TestCase_LogIn@3f2a3a5]" name="AfterMethod" is-config="true" duration-ms="344" started-at="2017-04-17T14:38:25Z" finished-at="2017-04-17T14:38:26Z">
          <reporter-output>
          </reporter-output>
        </test-method> <!-- AfterMethod -->
        <test-method status="PASS" signature="BeforeMethod()[pri:0, instance:com.utc.flowershop.testcase.TestCase_LogIn@3f2a3a5]" name="BeforeMethod" is-config="true" duration-ms="12371" started-at="2017-04-17T14:38:26Z" finished-at="2017-04-17T14:38:38Z">
          <reporter-output>
          </reporter-output>
        </test-method> <!-- BeforeMethod -->
        <test-method status="PASS" signature="signIn_TC011()[pri:0, instance:com.utc.flowershop.testcase.TestCase_LogIn@3f2a3a5]" name="signIn_TC011" duration-ms="9206" started-at="2017-04-17T14:38:38Z" finished-at="2017-04-17T14:38:47Z">
          <reporter-output>
          </reporter-output>
        </test-method> <!-- signIn_TC011 -->
        <test-method status="PASS" signature="AfterMethod()[pri:0, instance:com.utc.flowershop.testcase.TestCase_LogIn@3f2a3a5]" name="AfterMethod" is-config="true" duration-ms="373" started-at="2017-04-17T14:38:47Z" finished-at="2017-04-17T14:38:48Z">
          <reporter-output>
          </reporter-output>
        </test-method> <!-- AfterMethod -->
        <test-method status="PASS" signature="BeforeMethod()[pri:0, instance:com.utc.flowershop.testcase.TestCase_LogIn@3f2a3a5]" name="BeforeMethod" is-config="true" duration-ms="12790" started-at="2017-04-17T14:38:48Z" finished-at="2017-04-17T14:39:01Z">
          <reporter-output>
          </reporter-output>
        </test-method> <!-- BeforeMethod -->
        <test-method status="PASS" signature="signIn_TC012()[pri:0, instance:com.utc.flowershop.testcase.TestCase_LogIn@3f2a3a5]" name="signIn_TC012" duration-ms="3504" started-at="2017-04-17T14:39:01Z" finished-at="2017-04-17T14:39:04Z">
          <reporter-output>
          </reporter-output>
        </test-method> <!-- signIn_TC012 -->
        <test-method status="PASS" signature="AfterMethod()[pri:0, instance:com.utc.flowershop.testcase.TestCase_LogIn@3f2a3a5]" name="AfterMethod" is-config="true" duration-ms="424" started-at="2017-04-17T14:39:04Z" finished-at="2017-04-17T14:39:04Z">
          <reporter-output>
          </reporter-output>
        </test-method> <!-- AfterMethod -->
        <test-method status="PASS" signature="BeforeMethod()[pri:0, instance:com.utc.flowershop.testcase.TestCase_LogIn@3f2a3a5]" name="BeforeMethod" is-config="true" duration-ms="14253" started-at="2017-04-17T14:39:04Z" finished-at="2017-04-17T14:39:19Z">
          <reporter-output>
          </reporter-output>
        </test-method> <!-- BeforeMethod -->
        <test-method status="PASS" signature="signIn_TC013()[pri:0, instance:com.utc.flowershop.testcase.TestCase_LogIn@3f2a3a5]" name="signIn_TC013" duration-ms="1447" started-at="2017-04-17T14:39:19Z" finished-at="2017-04-17T14:39:20Z">
          <reporter-output>
          </reporter-output>
        </test-method> <!-- signIn_TC013 -->
        <test-method status="PASS" signature="AfterMethod()[pri:0, instance:com.utc.flowershop.testcase.TestCase_LogIn@3f2a3a5]" name="AfterMethod" is-config="true" duration-ms="287" started-at="2017-04-17T14:39:20Z" finished-at="2017-04-17T14:39:20Z">
          <reporter-output>
          </reporter-output>
        </test-method> <!-- AfterMethod -->
        <test-method status="PASS" signature="AfterSuite()[pri:0, instance:com.utc.flowershop.testcase.TestCase_LogIn@3f2a3a5]" name="AfterSuite" is-config="true" duration-ms="1110" started-at="2017-04-17T14:39:21Z" finished-at="2017-04-17T14:39:22Z">
          <reporter-output>
          </reporter-output>
        </test-method> <!-- AfterSuite -->
      </class> <!-- com.utc.flowershop.testcase.TestCase_LogIn -->
    </test> <!-- Test -->
  </suite> <!-- Suite -->
</testng-results>
